# JRE version: Java(TM) SE Runtime Environment (8.0_231-b11) (build 1.8.0_231-b11)
# Java VM: Java HotSpot(TM) 64-Bit Server VM (25.231-b11 mixed mode windows-amd64 compressed oops)
Heap:
 PSYoungGen      total 299008K, used 14912K [0x00000000e1600000, 0x00000000fae80000, 0x0000000100000000)
  eden space 280064K, 0% used [0x00000000e1600000,0x00000000e1600000,0x00000000f2780000)
  from space 18944K, 78% used [0x00000000f2780000,0x00000000f3610080,0x00000000f3a00000)
  to   space 20480K, 0% used [0x00000000f9a80000,0x00000000f9a80000,0x00000000fae80000)
 ParOldGen       total 65536K, used 27795K [0x00000000a4200000, 0x00000000a8200000, 0x00000000e1600000)
  object space 65536K, 42% used [0x00000000a4200000,0x00000000a5d24f90,0x00000000a8200000)
 Metaspace       used 55884K, capacity 58892K, committed 59008K, reserved 1099776K
  class space    used 7929K, capacity 8483K, committed 8576K, reserved 1048576K
GC Heap History (10 events):
Event: 3.507 GC heap after
Heap after GC invocations=7 (full 1):
 PSYoungGen      total 174080K, used 5372K [0x00000000e1600000, 0x00000000ee100000, 0x0000000100000000)
  eden space 168448K, 0% used [0x00000000e1600000,0x00000000e1600000,0x00000000eba80000)
  from space 5632K, 95% used [0x00000000edb80000,0x00000000ee0bf3c8,0x00000000ee100000)
  to   space 9216K, 0% used [0x00000000ecf00000,0x00000000ecf00000,0x00000000ed800000)
 ParOldGen       total 44544K, used 9179K [0x00000000a4200000, 0x00000000a6d80000, 0x00000000e1600000)
  object space 44544K, 20% used [0x00000000a4200000,0x00000000a4af6c90,0x00000000a6d80000)
 Metaspace       used 22706K, capacity 23628K, committed 23936K, reserved 1069056K
  class space    used 3127K, capacity 3338K, committed 3456K, reserved 1048576K
}
Event: 5.857 GC heap before
{Heap before GC invocations=8 (full 1):
 PSYoungGen      total 174080K, used 173820K [0x00000000e1600000, 0x00000000ee100000, 0x0000000100000000)
  eden space 168448K, 100% used [0x00000000e1600000,0x00000000eba80000,0x00000000eba80000)
  from space 5632K, 95% used [0x00000000edb80000,0x00000000ee0bf3c8,0x00000000ee100000)
  to   space 9216K, 0% used [0x00000000ecf00000,0x00000000ecf00000,0x00000000ed800000)
 ParOldGen       total 44544K, used 9179K [0x00000000a4200000, 0x00000000a6d80000, 0x00000000e1600000)
  object space 44544K, 20% used [0x00000000a4200000,0x00000000a4af6c90,0x00000000a6d80000)
 Metaspace       used 33567K, capacity 35344K, committed 35416K, reserved 1079296K
  class space    used 4746K, capacity 5086K, committed 5120K, reserved 1048576K
Event: 5.883 GC heap after
Heap after GC invocations=8 (full 1):
 PSYoungGen      total 198656K, used 9214K [0x00000000e1600000, 0x00000000f4700000, 0x0000000100000000)
  eden space 189440K, 0% used [0x00000000e1600000,0x00000000e1600000,0x00000000ecf00000)
  from space 9216K, 99% used [0x00000000ecf00000,0x00000000ed7ffa20,0x00000000ed800000)
  to   space 13312K, 0% used [0x00000000f3a00000,0x00000000f3a00000,0x00000000f4700000)
 ParOldGen       total 44544K, used 14955K [0x00000000a4200000, 0x00000000a6d80000, 0x00000000e1600000)
  object space 44544K, 33% used [0x00000000a4200000,0x00000000a509ae18,0x00000000a6d80000)
 Metaspace       used 33567K, capacity 35344K, committed 35416K, reserved 1079296K
  class space    used 4746K, capacity 5086K, committed 5120K, reserved 1048576K
}
Event: 5.883 GC heap before
{Heap before GC invocations=9 (full 2):
 PSYoungGen      total 198656K, used 9214K [0x00000000e1600000, 0x00000000f4700000, 0x0000000100000000)
  eden space 189440K, 0% used [0x00000000e1600000,0x00000000e1600000,0x00000000ecf00000)
  from space 9216K, 99% used [0x00000000ecf00000,0x00000000ed7ffa20,0x00000000ed800000)
  to   space 13312K, 0% used [0x00000000f3a00000,0x00000000f3a00000,0x00000000f4700000)
 ParOldGen       total 44544K, used 14955K [0x00000000a4200000, 0x00000000a6d80000, 0x00000000e1600000)
  object space 44544K, 33% used [0x00000000a4200000,0x00000000a509ae18,0x00000000a6d80000)
 Metaspace       used 33567K, capacity 35344K, committed 35416K, reserved 1079296K
  class space    used 4746K, capacity 5086K, committed 5120K, reserved 1048576K
Event: 6.008 GC heap after
Heap after GC invocations=9 (full 2):
 PSYoungGen      total 198656K, used 0K [0x00000000e1600000, 0x00000000f4700000, 0x0000000100000000)
  eden space 189440K, 0% used [0x00000000e1600000,0x00000000e1600000,0x00000000ecf00000)
  from space 9216K, 0% used [0x00000000ecf00000,0x00000000ecf00000,0x00000000ed800000)
  to   space 13312K, 0% used [0x00000000f3a00000,0x00000000f3a00000,0x00000000f4700000)
 ParOldGen       total 65536K, used 19561K [0x00000000a4200000, 0x00000000a8200000, 0x00000000e1600000)
  object space 65536K, 29% used [0x00000000a4200000,0x00000000a551a530,0x00000000a8200000)
 Metaspace       used 33567K, capacity 35344K, committed 35416K, reserved 1079296K
  class space    used 4746K, capacity 5086K, committed 5120K, reserved 1048576K
}
Event: 9.354 GC heap before
{Heap before GC invocations=10 (full 2):
 PSYoungGen      total 198656K, used 189440K [0x00000000e1600000, 0x00000000f4700000, 0x0000000100000000)
  eden space 189440K, 100% used [0x00000000e1600000,0x00000000ecf00000,0x00000000ecf00000)
  from space 9216K, 0% used [0x00000000ecf00000,0x00000000ecf00000,0x00000000ed800000)
  to   space 13312K, 0% used [0x00000000f3a00000,0x00000000f3a00000,0x00000000f4700000)
 ParOldGen       total 65536K, used 19561K [0x00000000a4200000, 0x00000000a8200000, 0x00000000e1600000)
  object space 65536K, 29% used [0x00000000a4200000,0x00000000a551a530,0x00000000a8200000)
 Metaspace       used 50283K, capacity 53214K, committed 53376K, reserved 1095680K
  class space    used 7269K, capacity 7772K, committed 7808K, reserved 1048576K
Event: 9.392 GC heap after
Heap after GC invocations=10 (full 2):
 PSYoungGen      total 293376K, used 13294K [0x00000000e1600000, 0x00000000f6a80000, 0x0000000100000000)
  eden space 280064K, 0% used [0x00000000e1600000,0x00000000e1600000,0x00000000f2780000)
  from space 13312K, 99% used [0x00000000f3a00000,0x00000000f46fb8f0,0x00000000f4700000)
  to   space 18944K, 0% used [0x00000000f2780000,0x00000000f2780000,0x00000000f3a00000)
 ParOldGen       total 65536K, used 27787K [0x00000000a4200000, 0x00000000a8200000, 0x00000000e1600000)
  object space 65536K, 42% used [0x00000000a4200000,0x00000000a5d22f90,0x00000000a8200000)
 Metaspace       used 50283K, capacity 53214K, committed 53376K, reserved 1095680K
  class space    used 7269K, capacity 7772K, committed 7808K, reserved 1048576K
}
Event: 16.296 GC heap before
{Heap before GC invocations=11 (full 2):
 PSYoungGen      total 293376K, used 80702K [0x00000000e1600000, 0x00000000f6a80000, 0x0000000100000000)
  eden space 280064K, 24% used [0x00000000e1600000,0x00000000e57d4140,0x00000000f2780000)
  from space 13312K, 99% used [0x00000000f3a00000,0x00000000f46fb8f0,0x00000000f4700000)
  to   space 18944K, 0% used [0x00000000f2780000,0x00000000f2780000,0x00000000f3a00000)
 ParOldGen       total 65536K, used 27787K [0x00000000a4200000, 0x00000000a8200000, 0x00000000e1600000)
  object space 65536K, 42% used [0x00000000a4200000,0x00000000a5d22f90,0x00000000a8200000)
 Metaspace       used 55884K, capacity 58892K, committed 59008K, reserved 1099776K
  class space    used 7929K, capacity 8483K, committed 8576K, reserved 1048576K
Event: 16.326 GC heap after
Heap after GC invocations=11 (full 2):
 PSYoungGen      total 299008K, used 14912K [0x00000000e1600000, 0x00000000fae80000, 0x0000000100000000)
  eden space 280064K, 0% used [0x00000000e1600000,0x00000000e1600000,0x00000000f2780000)
  from space 18944K, 78% used [0x00000000f2780000,0x00000000f3610080,0x00000000f3a00000)
  to   space 20480K, 0% used [0x00000000f9a80000,0x00000000f9a80000,0x00000000fae80000)
 ParOldGen       total 65536K, used 27795K [0x00000000a4200000, 0x00000000a8200000, 0x00000000e1600000)
  object space 65536K, 42% used [0x00000000a4200000,0x00000000a5d24f90,0x00000000a8200000)
 Metaspace       used 55884K, capacity 58892K, committed 59008K, reserved 1099776K
  class space    used 7929K, capacity 8483K, committed 8576K, reserved 1048576K
}
Event: 16.326 GC heap before
{Heap before GC invocations=12 (full 3):
 PSYoungGen      total 299008K, used 14912K [0x00000000e1600000, 0x00000000fae80000, 0x0000000100000000)
  eden space 280064K, 0% used [0x00000000e1600000,0x00000000e1600000,0x00000000f2780000)
  from space 18944K, 78% used [0x00000000f2780000,0x00000000f3610080,0x00000000f3a00000)
  to   space 20480K, 0% used [0x00000000f9a80000,0x00000000f9a80000,0x00000000fae80000)
 ParOldGen       total 65536K, used 27795K [0x00000000a4200000, 0x00000000a8200000, 0x00000000e1600000)
  object space 65536K, 42% used [0x00000000a4200000,0x00000000a5d24f90,0x00000000a8200000)
 Metaspace       used 55884K, capacity 58892K, committed 59008K, reserved 1099776K
  class space    used 7929K, capacity 8483K, committed 8576K, reserved 1048576K

